# JRE version: Java(TM) SE Runtime Environment (8.0_131-b11) (build 1.8.0_131-b11)
# Java VM: Java HotSpot(TM) 64-Bit Server VM (25.131-b11 mixed mode linux-amd64 compressed oops)
Heap:
 PSYoungGen      total 74752K, used 49646K [0x000000076d000000, 0x0000000776200000, 0x00000007c0000000)
  eden space 64512K, 61% used [0x000000076d000000,0x000000076f67e3c8,0x0000000770f00000)
  from space 10240K, 99% used [0x0000000775800000,0x00000007761fd770,0x0000000776200000)
  to   space 10240K, 0% used [0x0000000770f00000,0x0000000770f00000,0x0000000771900000)
 ParOldGen       total 171008K, used 7064K [0x00000006c7000000, 0x00000006d1700000, 0x000000076d000000)
  object space 171008K, 4% used [0x00000006c7000000,0x00000006c76e62f0,0x00000006d1700000)
 Metaspace       used 19657K, capacity 20476K, committed 20608K, reserved 1067008K
  class space    used 2699K, capacity 2921K, committed 2944K, reserved 1048576K
GC Heap History (4 events):
Event: 1.387 GC heap before
{Heap before GC invocations=1 (full 0):
 PSYoungGen      total 74752K, used 64512K [0x000000076d000000, 0x0000000772300000, 0x00000007c0000000)
  eden space 64512K, 100% used [0x000000076d000000,0x0000000770f00000,0x0000000770f00000)
  from space 10240K, 0% used [0x0000000771900000,0x0000000771900000,0x0000000772300000)
  to   space 10240K, 0% used [0x0000000770f00000,0x0000000770f00000,0x0000000771900000)
 ParOldGen       total 171008K, used 0K [0x00000006c7000000, 0x00000006d1700000, 0x000000076d000000)
  object space 171008K, 0% used [0x00000006c7000000,0x00000006c7000000,0x00000006d1700000)
 Metaspace       used 16745K, capacity 17494K, committed 17664K, reserved 1064960K
  class space    used 2555K, capacity 2768K, committed 2816K, reserved 1048576K
Event: 1.402 GC heap after
Heap after GC invocations=1 (full 0):
 PSYoungGen      total 74752K, used 10225K [0x000000076d000000, 0x0000000776200000, 0x00000007c0000000)
  eden space 64512K, 0% used [0x000000076d000000,0x000000076d000000,0x0000000770f00000)
  from space 10240K, 99% used [0x0000000770f00000,0x00000007718fc4a8,0x0000000771900000)
  to   space 10240K, 0% used [0x0000000775800000,0x0000000775800000,0x0000000776200000)
 ParOldGen       total 171008K, used 4641K [0x00000006c7000000, 0x00000006d1700000, 0x000000076d000000)
  object space 171008K, 2% used [0x00000006c7000000,0x00000006c74887c0,0x00000006d1700000)
 Metaspace       used 16745K, capacity 17494K, committed 17664K, reserved 1064960K
  class space    used 2555K, capacity 2768K, committed 2816K, reserved 1048576K
}
Event: 115.078 GC heap before
{Heap before GC invocations=2 (full 0):
 PSYoungGen      total 74752K, used 74737K [0x000000076d000000, 0x0000000776200000, 0x00000007c0000000)
  eden space 64512K, 100% used [0x000000076d000000,0x0000000770f00000,0x0000000770f00000)
  from space 10240K, 99% used [0x0000000770f00000,0x00000007718fc4a8,0x0000000771900000)
  to   space 10240K, 0% used [0x0000000775800000,0x0000000775800000,0x0000000776200000)
 ParOldGen       total 171008K, used 4641K [0x00000006c7000000, 0x00000006d1700000, 0x000000076d000000)
  object space 171008K, 2% used [0x00000006c7000000,0x00000006c74887c0,0x00000006d1700000)
 Metaspace       used 19255K, capacity 20176K, committed 20352K, reserved 1067008K
  class space    used 2673K, capacity 2887K, committed 2944K, reserved 1048576K
Event: 115.094 GC heap after
Heap after GC invocations=2 (full 0):
 PSYoungGen      total 74752K, used 10229K [0x000000076d000000, 0x0000000776200000, 0x00000007c0000000)
  eden space 64512K, 0% used [0x000000076d000000,0x000000076d000000,0x0000000770f00000)
  from space 10240K, 99% used [0x0000000775800000,0x00000007761fd770,0x0000000776200000)
  to   space 10240K, 0% used [0x0000000770f00000,0x0000000770f00000,0x0000000771900000)
 ParOldGen       total 171008K, used 7064K [0x00000006c7000000, 0x00000006d1700000, 0x000000076d000000)
  object space 171008K, 4% used [0x00000006c7000000,0x00000006c76e62f0,0x00000006d1700000)
 Metaspace       used 19255K, capacity 20176K, committed 20352K, reserved 1067008K
  class space    used 2673K, capacity 2887K, committed 2944K, reserved 1048576K
}

